<?xml version="1.0" encoding="UTF-8"?>
<coverage generated="1665066288402" clover="3.2.0">
  <project timestamp="1665066288402" name="All files">
    <metrics statements="24" coveredstatements="24" conditionals="4" coveredconditionals="2" methods="5" coveredmethods="5" elements="33" coveredelements="31" complexity="0" loc="24" ncloc="24" packages="1" files="2" classes="2"/>
    <file name="app.ts" path="/Users/mateuszwojczal/Desktop/localhost/express-test-mutation-fuzzing/src/app.ts">
      <metrics statements="12" coveredstatements="12" conditionals="0" coveredconditionals="0" methods="2" coveredmethods="2"/>
      <line num="1" count="1" type="stmt"/>
      <line num="2" count="1" type="stmt"/>
      <line num="4" count="1" type="stmt"/>
      <line num="5" count="1" type="stmt"/>
      <line num="7" count="1" type="stmt"/>
      <line num="8" count="1" type="stmt"/>
      <line num="9" count="1" type="stmt"/>
      <line num="14" count="1" type="stmt"/>
      <line num="17" count="1" type="stmt"/>
      <line num="18" count="1" type="stmt"/>
      <line num="21" count="1" type="stmt"/>
      <line num="23" count="1" type="stmt"/>
    </file>
    <file name="service.ts" path="/Users/mateuszwojczal/Desktop/localhost/express-test-mutation-fuzzing/src/service.ts">
      <metrics statements="12" coveredstatements="12" conditionals="4" coveredconditionals="2" methods="3" coveredmethods="3"/>
      <line num="1" count="1" type="stmt"/>
      <line num="16" count="1" type="stmt"/>
      <line num="17" count="1" type="stmt"/>
      <line num="18" count="1" type="stmt"/>
      <line num="19" count="1" type="stmt"/>
      <line num="21" count="1" type="stmt"/>
      <line num="26" count="1" type="stmt"/>
      <line num="27" count="1" type="stmt"/>
      <line num="30" count="1" type="stmt"/>
      <line num="37" count="1" type="cond" truecount="1" falsecount="1"/>
      <line num="38" count="1" type="cond" truecount="1" falsecount="1"/>
      <line num="40" count="1" type="stmt"/>
    </file>
  </project>
</coverage>
