{"/Users/mateuszwojczal/Desktop/localhost/express-test-mutation-fuzzing/src/app.ts": {"path":"/Users/mateuszwojczal/Desktop/localhost/express-test-mutation-fuzzing/src/app.ts","statementMap":{"0":{"start":{"line":1,"column":0},"end":{"line":1,"column":30}},"1":{"start":{"line":2,"column":0},"end":{"line":2,"column":47}},"2":{"start":{"line":4,"column":12},"end":{"line":4,"column":21}},"3":{"start":{"line":5,"column":13},"end":{"line":5,"column":17}},"4":{"start":{"line":7,"column":0},"end":{"line":15,"column":3}},"5":{"start":{"line":8,"column":31},"end":{"line":8,"column":41}},"6":{"start":{"line":9,"column":17},"end":{"line":12,"column":null}},"7":{"start":{"line":14,"column":2},"end":{"line":14,"column":56}},"8":{"start":{"line":17,"column":15},"end":{"line":19,"column":2}},"9":{"start":{"line":18,"column":2},"end":{"line":18,"column":55}},"10":{"start":{"line":21,"column":9},"end":{"line":21,"column":15}},"11":{"start":{"line":23,"column":0},"end":{"line":23,"column":19}}},"fnMap":{"0":{"name":"(anonymous_1)","decl":{"start":{"line":7,"column":38},"end":{"line":7,"column":43}},"loc":{"start":{"line":7,"column":57},"end":{"line":15,"column":1}}},"1":{"name":"(anonymous_2)","decl":{"start":{"line":17,"column":32},"end":{"line":17,"column":35}},"loc":{"start":{"line":17,"column":37},"end":{"line":19,"column":1}}}},"branchMap":{},"s":{"0":1,"1":1,"2":1,"3":1,"4":1,"5":1,"6":1,"7":1,"8":1,"9":1,"10":1,"11":1},"f":{"0":1,"1":1},"b":{}}
,"/Users/mateuszwojczal/Desktop/localhost/express-test-mutation-fuzzing/src/service.ts": {"path":"/Users/mateuszwojczal/Desktop/localhost/express-test-mutation-fuzzing/src/service.ts","statementMap":{"0":{"start":{"line":1,"column":0},"end":{"line":1,"column":31}},"1":{"start":{"line":16,"column":24},"end":{"line":20,"column":1}},"2":{"start":{"line":17,"column":14},"end":{"line":17,"column":69}},"3":{"start":{"line":18,"column":15},"end":{"line":18,"column":31}},"4":{"start":{"line":19,"column":2},"end":{"line":19,"column":30}},"5":{"start":{"line":21,"column":34},"end":{"line":28,"column":1}},"6":{"start":{"line":26,"column":15},"end":{"line":26,"column":38}},"7":{"start":{"line":27,"column":2},"end":{"line":27,"column":41}},"8":{"start":{"line":21,"column":13},"end":{"line":21,"column":34}},"9":{"start":{"line":30,"column":23},"end":{"line":41,"column":1}},"10":{"start":{"line":37,"column":4},"end":{"line":37,"column":47}},"11":{"start":{"line":38,"column":29},"end":{"line":38,"column":61}},"12":{"start":{"line":40,"column":2},"end":{"line":40,"column":51}},"13":{"start":{"line":30,"column":13},"end":{"line":30,"column":23}}},"fnMap":{"0":{"name":"(anonymous_1)","decl":{"start":{"line":16,"column":24},"end":{"line":16,"column":29}},"loc":{"start":{"line":16,"column":58},"end":{"line":20,"column":1}}},"1":{"name":"(anonymous_2)","decl":{"start":{"line":21,"column":34},"end":{"line":21,"column":39}},"loc":{"start":{"line":25,"column":4},"end":{"line":28,"column":1}}},"2":{"name":"(anonymous_3)","decl":{"start":{"line":30,"column":23},"end":{"line":30,"column":null}},"loc":{"start":{"line":35,"column":12},"end":{"line":41,"column":1}}}},"branchMap":{"0":{"loc":{"start":{"line":37,"column":4},"end":{"line":37,"column":47}},"type":"cond-expr","locations":[{"start":{"line":37,"column":21},"end":{"line":37,"column":22}},{"start":{"line":37,"column":25},"end":{"line":37,"column":47}}]},"1":{"loc":{"start":{"line":38,"column":29},"end":{"line":38,"column":61}},"type":"cond-expr","locations":[{"start":{"line":38,"column":44},"end":{"line":38,"column":45}},{"start":{"line":38,"column":48},"end":{"line":38,"column":61}}]}},"s":{"0":1,"1":1,"2":1,"3":1,"4":1,"5":1,"6":1,"7":1,"8":1,"9":1,"10":1,"11":1,"12":1,"13":1},"f":{"0":1,"1":1,"2":1},"b":{"0":[0,1],"1":[0,1]}}
}
